{
  "specs": {},
  "functional_spec_count": {},
  "testsuites": [
    {
      "cases": [
        {
          "classname": "Task 11.Tests.test_Guvi_LoginPage",
          "name": "test_login_url_positive",
          "developer": "-",
          "test_description": "",
          "status": "Failed",
          "logs": "<ul style='list-style-type: none; padding: 0;'></ul>",
          "details": "Message: selenium.common.exceptions.InvalidSelectorException: Message: invalid selector: Unable to locate an element with the xpath expression //a[contains(@href(),'Login')] because of the following error:\nSyntaxError: Failed to execute 'evaluate' on 'Document': The string '//a[contains(@href(),'Login')]' is not a valid XPath expression.\n  (Session info: chrome=143.0.7499.110); For documentation on this error, please visit: https://www.selenium.dev/documentation/webdriver/troubleshooting/errors#invalidselectorexception\nStacktrace:\nSymbols not available. Dumping unresolved backtrace:\n\t0x7ff728c58895\n\t0x7ff728c588f0\n\t0x7ff728a3165d\n\t0x7ff728a392cc\n\t0x7ff728a3c3b4\n\t0x7ff728a3c47f\n\t0x7ff728a892e5\n\t0x7ff728a89d3c\n\t0x7ff728addf67\n\t0x7ff728adac97\n\t0x7ff728a7ac29\n\t0x7ff728a7ba93\n\t0x7ff728f705f0\n\t0x7ff728f6af30\n\t0x7ff728f89696\n\t0x7ff728c75d94\n\t0x7ff728c7ed3c\n\t0x7ff728c61fb4\n\t0x7ff728c62165\n\t0x7ff728c47e92\n\t0x7ff84896257d\n\t0x7ff8499caf08\nDetails: start_browser = <selenium.webdriver.chrome.webdriver.WebDriver (session=\"277d9420fd89e43e40e942804edd5f44\")>\n\n    def test_login_url_positive(start_browser):\n        start_browser.get(\"https://www.guvi.in/\")\n        start_browser.implicitly_wait(5)\n        #time.sleep(3)\n>       start_browser.find_element(By.XPATH,\"//a[contains(@href(),'Login')]\").click()\n        ^^^^^^^^^^^^^^^^^^^^^^^^^^^^^^^^^^^^^^^^^^^^^^^^^^^^^^^^^^^^^^^^^^^^^\n\nTask 11\\Tests\\test_Guvi_LoginPage.py:11: \n_ _ _ _ _ _ _ _ _ _ _ _ _ _ _ _ _ _ _ _ _ _ _ _ _ _ _ _ _ _ _ _ _ _ _ _ _ _ _ _\n.venv\\Lib\\site-packages\\selenium\\webdriver\\remote\\webdriver.py:802: in find_element\n    return self.execute(Command.FIND_ELEMENT, {\"using\": by, \"value\": value})[\"value\"]\n           ^^^^^^^^^^^^^^^^^^^^^^^^^^^^^^^^^^^^^^^^^^^^^^^^^^^^^^^^^^^^^^^^^\n.venv\\Lib\\site-packages\\selenium\\webdriver\\remote\\webdriver.py:432: in execute\n    self.error_handler.check_response(response)\n_ _ _ _ _ _ _ _ _ _ _ _ _ _ _ _ _ _ _ _ _ _ _ _ _ _ _ _ _ _ _ _ _ _ _ _ _ _ _ _\n\nself = <selenium.webdriver.remote.errorhandler.ErrorHandler object at 0x00000223FA12CEC0>\nresponse = {'status': 400, 'value': '{\"value\":{\"error\":\"invalid selector\",\"message\":\"invalid selector: Unable to locate an elemen...ff728c7ed3c\\\\n\\\\t0x7ff728c61fb4\\\\n\\\\t0x7ff728c62165\\\\n\\\\t0x7ff728c47e92\\\\n\\\\t0x7ff84896257d\\\\n\\\\t0x7ff8499caf08\\\\n\"}}'}\n\n    def check_response(self, response: dict[str, Any]) -> None:\n        \"\"\"Check that a JSON response from the WebDriver does not have an error.\n    \n        Args:\n            response: The JSON response from the WebDriver server as a dictionary\n                object.\n    \n        Raises:\n            WebDriverException: If the response contains an error message.\n        \"\"\"\n        status = response.get(\"status\", None)\n        if not status or status == ErrorCode.SUCCESS:\n            return\n        value = None\n        message = response.get(\"message\", \"\")\n        screen: str = response.get(\"screen\", \"\")\n        stacktrace = None\n        if isinstance(status, int):\n            value_json = response.get(\"value\", None)\n            if value_json and isinstance(value_json, str):\n                try:\n                    value = json.loads(value_json)\n                    if isinstance(value, dict):\n                        if len(value) == 1:\n                            value = value[\"value\"]\n                        status = value.get(\"error\", None)\n                        if not status:\n                            status = value.get(\"status\", ErrorCode.UNKNOWN_ERROR)\n                            message = value.get(\"value\") or value.get(\"message\")\n                            if not isinstance(message, str):\n                                value = message\n                                message = message.get(\"message\") if isinstance(message, dict) else None\n                        else:\n                            message = value.get(\"message\", None)\n                except ValueError:\n                    pass\n    \n        exception_class: type[WebDriverException]\n        e = ErrorCode()\n        error_codes = [item for item in dir(e) if not item.startswith(\"__\")]\n        for error_code in error_codes:\n            error_info = getattr(ErrorCode, error_code)\n            if isinstance(error_info, list) and status in error_info:\n                exception_class = getattr(ExceptionMapping, error_code, WebDriverException)\n                break\n        else:\n            exception_class = WebDriverException\n    \n        if not value:\n            value = response[\"value\"]\n        if isinstance(value, str):\n            raise exception_class(value)\n        if message == \"\" and \"message\" in value:\n            message = value[\"message\"]\n    \n        screen = None  # type: ignore[assignment]\n        if \"screen\" in value:\n            screen = value[\"screen\"]\n    \n        stacktrace = None\n        st_value = value.get(\"stackTrace\") or value.get(\"stacktrace\")\n        if st_value:\n            if isinstance(st_value, str):\n                stacktrace = st_value.split(\"\\n\")\n            else:\n                stacktrace = []\n                try:\n                    for frame in st_value:\n                        line = frame.get(\"lineNumber\", \"\")\n                        file = frame.get(\"fileName\", \"<anonymous>\")\n                        if line:\n                            file = f\"{file}:{line}\"\n                        meth = frame.get(\"methodName\", \"<anonymous>\")\n                        if \"className\" in frame:\n                            meth = f\"{frame['className']}.{meth}\"\n                        msg = \"    at %s (%s)\"\n                        msg = msg % (meth, file)\n                        stacktrace.append(msg)\n                except TypeError:\n                    pass\n        if exception_class == UnexpectedAlertPresentException:\n            alert_text = None\n            if \"data\" in value:\n                alert_text = value[\"data\"].get(\"text\")\n            elif \"alert\" in value:\n                alert_text = value[\"alert\"].get(\"text\")\n            raise exception_class(message, screen, stacktrace, alert_text)  # type: ignore[call-arg]  # mypy is not smart enough here\n>       raise exception_class(message, screen, stacktrace)\nE       selenium.common.exceptions.InvalidSelectorException: Message: invalid selector: Unable to locate an element with the xpath expression //a[contains(@href(),'Login')] because of the following error:\nE       SyntaxError: Failed to execute 'evaluate' on 'Document': The string '//a[contains(@href(),'Login')]' is not a valid XPath expression.\nE         (Session info: chrome=143.0.7499.110); For documentation on this error, please visit: https://www.selenium.dev/documentation/webdriver/troubleshooting/errors#invalidselectorexception\nE       Stacktrace:\nE       Symbols not available. Dumping unresolved backtrace:\nE       \t0x7ff728c58895\nE       \t0x7ff728c588f0\nE       \t0x7ff728a3165d\nE       \t0x7ff728a392cc\nE       \t0x7ff728a3c3b4\nE       \t0x7ff728a3c47f\nE       \t0x7ff728a892e5\nE       \t0x7ff728a89d3c\nE       \t0x7ff728addf67\nE       \t0x7ff728adac97\nE       \t0x7ff728a7ac29\nE       \t0x7ff728a7ba93\nE       \t0x7ff728f705f0\nE       \t0x7ff728f6af30\nE       \t0x7ff728f89696\nE       \t0x7ff728c75d94\nE       \t0x7ff728c7ed3c\nE       \t0x7ff728c61fb4\nE       \t0x7ff728c62165\nE       \t0x7ff728c47e92\nE       \t0x7ff84896257d\nE       \t0x7ff8499caf08\n\n.venv\\Lib\\site-packages\\selenium\\webdriver\\remote\\errorhandler.py:232: InvalidSelectorException",
          "functional_specifications": [],
          "categories": []
        },
        {
          "classname": "Task 11.Tests.test_Guvi_LoginPage",
          "name": "test_input_boxes_visiblity_positive",
          "developer": "-",
          "test_description": "",
          "status": "Failed",
          "logs": "<ul style='list-style-type: none; padding: 0;'></ul>",
          "details": "Message: NameError: name 'pssword' is not defined\nDetails: start_browser = <selenium.webdriver.chrome.webdriver.WebDriver (session=\"1320a0772cefc0a3dfec35f38390f433\")>\n\n    def test_input_boxes_visiblity_positive(start_browser):\n        start_browser.get(\"https://www.guvi.in/sign-in/\")\n        start_browser.implicitly_wait(5)\n        email = start_browser.find_element(By.CSS_SELECTOR, \"input[type='email']\")\n        password = start_browser.find_element(By.CSS_SELECTOR, \"input[type='password']\")\n    \n        assert email.is_displayed() and email.is_enabled()\n        assert password.is_displayed() and password.is_enabled()\n    \n        email.send_keys(\"thavamani.ravindran@gmail.com\")\n>       pssword.send_keys(\"Profession@four4\")\n        ^^^^^^^\nE       NameError: name 'pssword' is not defined\n\nTask 11\\Tests\\test_Guvi_LoginPage.py:26: NameError",
          "functional_specifications": [],
          "categories": []
        },
        {
          "classname": "Task 11.Tests.test_Guvi_LoginPage",
          "name": "test_submit_function_positive",
          "developer": "-",
          "test_description": "",
          "status": "Failed",
          "logs": "<ul style='list-style-type: none; padding: 0;'></ul>",
          "details": "Message: selenium.common.exceptions.InvalidSelectorException: Message: invalid selector: Unable to locate an element with the xpath expression //a[contains(@href(),'Login')] because of the following error:\nSyntaxError: Failed to execute 'evaluate' on 'Document': The string '//a[contains(@href(),'Login')]' is not a valid XPath expression.\n  (Session info: chrome=143.0.7499.110); For documentation on this error, please visit: https://www.selenium.dev/documentation/webdriver/troubleshooting/errors#invalidselectorexception\nStacktrace:\nSymbols not available. Dumping unresolved backtrace:\n\t0x7ff728c58895\n\t0x7ff728c588f0\n\t0x7ff728a3165d\n\t0x7ff728a392cc\n\t0x7ff728a3c3b4\n\t0x7ff728a3c47f\n\t0x7ff728a892e5\n\t0x7ff728a89d3c\n\t0x7ff728addf67\n\t0x7ff728adac97\n\t0x7ff728a7ac29\n\t0x7ff728a7ba93\n\t0x7ff728f705f0\n\t0x7ff728f6af30\n\t0x7ff728f89696\n\t0x7ff728c75d94\n\t0x7ff728c7ed3c\n\t0x7ff728c61fb4\n\t0x7ff728c62165\n\t0x7ff728c47e92\n\t0x7ff84896257d\n\t0x7ff8499caf08\nDetails: start_browser = <selenium.webdriver.chrome.webdriver.WebDriver (session=\"58cd4e4ffa6bce3e8767307e31e3c11f\")>\n\n    def test_submit_function_positive(start_browser):\n        start_browser.get(\"https://www.guvi.in/sign-in/\")\n        start_browser.implicitly_wait(5)\n    \n        start_browser.find_element(By.CSS_SELECTOR, \"input[type='email']\").send_keys(\"thavamani.ravindran@gmail.com\")\n        start_browser.find_element(By.CSS_SELECTOR, \"input[type='password']\").send_keys(\"Profession@four4\")\n>       start_browser.find_element(By.XPATH,\"//a[contains(@href(),'Login')]\").click()\n        ^^^^^^^^^^^^^^^^^^^^^^^^^^^^^^^^^^^^^^^^^^^^^^^^^^^^^^^^^^^^^^^^^^^^^\n\nTask 11\\Tests\\test_Guvi_LoginPage.py:35: \n_ _ _ _ _ _ _ _ _ _ _ _ _ _ _ _ _ _ _ _ _ _ _ _ _ _ _ _ _ _ _ _ _ _ _ _ _ _ _ _\n.venv\\Lib\\site-packages\\selenium\\webdriver\\remote\\webdriver.py:802: in find_element\n    return self.execute(Command.FIND_ELEMENT, {\"using\": by, \"value\": value})[\"value\"]\n           ^^^^^^^^^^^^^^^^^^^^^^^^^^^^^^^^^^^^^^^^^^^^^^^^^^^^^^^^^^^^^^^^^\n.venv\\Lib\\site-packages\\selenium\\webdriver\\remote\\webdriver.py:432: in execute\n    self.error_handler.check_response(response)\n_ _ _ _ _ _ _ _ _ _ _ _ _ _ _ _ _ _ _ _ _ _ _ _ _ _ _ _ _ _ _ _ _ _ _ _ _ _ _ _\n\nself = <selenium.webdriver.remote.errorhandler.ErrorHandler object at 0x00000223FA2C8860>\nresponse = {'status': 400, 'value': '{\"value\":{\"error\":\"invalid selector\",\"message\":\"invalid selector: Unable to locate an elemen...ff728c7ed3c\\\\n\\\\t0x7ff728c61fb4\\\\n\\\\t0x7ff728c62165\\\\n\\\\t0x7ff728c47e92\\\\n\\\\t0x7ff84896257d\\\\n\\\\t0x7ff8499caf08\\\\n\"}}'}\n\n    def check_response(self, response: dict[str, Any]) -> None:\n        \"\"\"Check that a JSON response from the WebDriver does not have an error.\n    \n        Args:\n            response: The JSON response from the WebDriver server as a dictionary\n                object.\n    \n        Raises:\n            WebDriverException: If the response contains an error message.\n        \"\"\"\n        status = response.get(\"status\", None)\n        if not status or status == ErrorCode.SUCCESS:\n            return\n        value = None\n        message = response.get(\"message\", \"\")\n        screen: str = response.get(\"screen\", \"\")\n        stacktrace = None\n        if isinstance(status, int):\n            value_json = response.get(\"value\", None)\n            if value_json and isinstance(value_json, str):\n                try:\n                    value = json.loads(value_json)\n                    if isinstance(value, dict):\n                        if len(value) == 1:\n                            value = value[\"value\"]\n                        status = value.get(\"error\", None)\n                        if not status:\n                            status = value.get(\"status\", ErrorCode.UNKNOWN_ERROR)\n                            message = value.get(\"value\") or value.get(\"message\")\n                            if not isinstance(message, str):\n                                value = message\n                                message = message.get(\"message\") if isinstance(message, dict) else None\n                        else:\n                            message = value.get(\"message\", None)\n                except ValueError:\n                    pass\n    \n        exception_class: type[WebDriverException]\n        e = ErrorCode()\n        error_codes = [item for item in dir(e) if not item.startswith(\"__\")]\n        for error_code in error_codes:\n            error_info = getattr(ErrorCode, error_code)\n            if isinstance(error_info, list) and status in error_info:\n                exception_class = getattr(ExceptionMapping, error_code, WebDriverException)\n                break\n        else:\n            exception_class = WebDriverException\n    \n        if not value:\n            value = response[\"value\"]\n        if isinstance(value, str):\n            raise exception_class(value)\n        if message == \"\" and \"message\" in value:\n            message = value[\"message\"]\n    \n        screen = None  # type: ignore[assignment]\n        if \"screen\" in value:\n            screen = value[\"screen\"]\n    \n        stacktrace = None\n        st_value = value.get(\"stackTrace\") or value.get(\"stacktrace\")\n        if st_value:\n            if isinstance(st_value, str):\n                stacktrace = st_value.split(\"\\n\")\n            else:\n                stacktrace = []\n                try:\n                    for frame in st_value:\n                        line = frame.get(\"lineNumber\", \"\")\n                        file = frame.get(\"fileName\", \"<anonymous>\")\n                        if line:\n                            file = f\"{file}:{line}\"\n                        meth = frame.get(\"methodName\", \"<anonymous>\")\n                        if \"className\" in frame:\n                            meth = f\"{frame['className']}.{meth}\"\n                        msg = \"    at %s (%s)\"\n                        msg = msg % (meth, file)\n                        stacktrace.append(msg)\n                except TypeError:\n                    pass\n        if exception_class == UnexpectedAlertPresentException:\n            alert_text = None\n            if \"data\" in value:\n                alert_text = value[\"data\"].get(\"text\")\n            elif \"alert\" in value:\n                alert_text = value[\"alert\"].get(\"text\")\n            raise exception_class(message, screen, stacktrace, alert_text)  # type: ignore[call-arg]  # mypy is not smart enough here\n>       raise exception_class(message, screen, stacktrace)\nE       selenium.common.exceptions.InvalidSelectorException: Message: invalid selector: Unable to locate an element with the xpath expression //a[contains(@href(),'Login')] because of the following error:\nE       SyntaxError: Failed to execute 'evaluate' on 'Document': The string '//a[contains(@href(),'Login')]' is not a valid XPath expression.\nE         (Session info: chrome=143.0.7499.110); For documentation on this error, please visit: https://www.selenium.dev/documentation/webdriver/troubleshooting/errors#invalidselectorexception\nE       Stacktrace:\nE       Symbols not available. Dumping unresolved backtrace:\nE       \t0x7ff728c58895\nE       \t0x7ff728c588f0\nE       \t0x7ff728a3165d\nE       \t0x7ff728a392cc\nE       \t0x7ff728a3c3b4\nE       \t0x7ff728a3c47f\nE       \t0x7ff728a892e5\nE       \t0x7ff728a89d3c\nE       \t0x7ff728addf67\nE       \t0x7ff728adac97\nE       \t0x7ff728a7ac29\nE       \t0x7ff728a7ba93\nE       \t0x7ff728f705f0\nE       \t0x7ff728f6af30\nE       \t0x7ff728f89696\nE       \t0x7ff728c75d94\nE       \t0x7ff728c7ed3c\nE       \t0x7ff728c61fb4\nE       \t0x7ff728c62165\nE       \t0x7ff728c47e92\nE       \t0x7ff84896257d\nE       \t0x7ff8499caf08\n\n.venv\\Lib\\site-packages\\selenium\\webdriver\\remote\\errorhandler.py:232: InvalidSelectorException",
          "functional_specifications": [],
          "categories": []
        }
      ]
    }
  ],
  "test_environment": "Development",
  "timestamp": "18 Dec 2025, 19:46",
  "img_url": "https://icon.icepanel.io/Technology/svg/pytest.svg",
  "test_status": "complete",
  "report_title": "pytest HTML Report",
  "category_count": {},
  "all_categories": []
}