{
  "specs": {},
  "functional_spec_count": {},
  "testsuites": [
    {
      "cases": [
        {
          "classname": "Task 11.Tests.test_Guvi_LoginPage",
          "name": "test_login_url_positive",
          "developer": "-",
          "test_description": "",
          "status": "Failed",
          "logs": "<ul style='list-style-type: none; padding: 0;'></ul>",
          "details": "Message: AssertionError: assert 'https://www.guvi.in/' == 'https://www.guvi.in/sign-in/'\n  \n  - https://www.guvi.in/sign-in/\n  ?                     --------\n  + https://www.guvi.in/\nDetails: start_browser = <selenium.webdriver.chrome.webdriver.WebDriver (session=\"cdf3c5647ddb14a3a74c5852ff92fda4\")>\n\n    def test_login_url_positive(start_browser):\n        start_browser.get(\"https://www.guvi.in/\")\n        start_browser.implicitly_wait(5)\n    \n        start_browser.find_element(By.XPATH,\"//button[contains(@class,'tertiary-btn')]\").click()\n>       assert start_browser.current_url == \"https://www.guvi.in/sign-in/\"\nE       AssertionError: assert 'https://www.guvi.in/' == 'https://www.guvi.in/sign-in/'\nE         \nE         - https://www.guvi.in/sign-in/\nE         ?                     --------\nE         + https://www.guvi.in/\n\nTask 11\\Tests\\test_Guvi_LoginPage.py:11: AssertionError",
          "functional_specifications": [],
          "categories": []
        },
        {
          "classname": "Task 11.Tests.test_Guvi_LoginPage",
          "name": "test_input_boxes_visiblity_positive",
          "developer": "-",
          "test_description": "",
          "status": "Failed",
          "logs": "<ul style='list-style-type: none; padding: 0;'></ul>",
          "details": "Message: NameError: name 'email' is not defined. Did you forget to import 'email'\nDetails: start_browser = <selenium.webdriver.chrome.webdriver.WebDriver (session=\"ee5739b595a99c0f11491944ca1c377d\")>\n\n    def test_input_boxes_visiblity_positive(start_browser):\n        start_browser.get(\"https://www.guvi.in/sign-in/\")\n        start_browser.implicitly_wait(5)\n        start_browser.find_element(By.CSS_SELECTOR, \"input[type='email']\").send_keys(\"thavamani.ravindran@gmail.com\")\n        start_browser.find_element(By.CSS_SELECTOR, \"input[type='password']\").send_keys(\"Profession@four4\")\n    \n>       assert email.is_displayed() and email.is_enabled()\n               ^^^^^\nE       NameError: name 'email' is not defined. Did you forget to import 'email'\n\nTask 11\\Tests\\test_Guvi_LoginPage.py:21: NameError",
          "functional_specifications": [],
          "categories": []
        },
        {
          "classname": "Task 11.Tests.test_Guvi_LoginPage",
          "name": "test_submit_function_positive",
          "developer": "-",
          "test_description": "",
          "status": "Failed",
          "logs": "<ul style='list-style-type: none; padding: 0;'></ul>",
          "details": "Message: selenium.common.exceptions.NoSuchElementException: Message: no such element: Unable to locate element: {\"method\":\"xpath\",\"selector\":\"//button[contains(@class,'tertiary-btn')]\"}\n  (Session info: chrome=143.0.7499.110); For documentation on this error, please visit: https://www.selenium.dev/documentation/webdriver/troubleshooting/errors#nosuchelementexception\nStacktrace:\nSymbols not available. Dumping unresolved backtrace:\n\t0x7ff65bdf8895\n\t0x7ff65bdf88f0\n\t0x7ff65bbd165d\n\t0x7ff65bc29a33\n\t0x7ff65bc29d3c\n\t0x7ff65bc7df67\n\t0x7ff65bc7ac97\n\t0x7ff65bc1ac29\n\t0x7ff65bc1ba93\n\t0x7ff65c1105f0\n\t0x7ff65c10af30\n\t0x7ff65c129696\n\t0x7ff65be15d94\n\t0x7ff65be1ed3c\n\t0x7ff65be01fb4\n\t0x7ff65be02165\n\t0x7ff65bde7e92\n\t0x7ff84896257d\n\t0x7ff8499caf08\nDetails: start_browser = <selenium.webdriver.chrome.webdriver.WebDriver (session=\"529a2de33db89afb9f4ac7012472e17c\")>\n\n    def test_submit_function_positive(start_browser):\n        start_browser.get(\"https://www.guvi.in/sign-in/\")\n        start_browser.implicitly_wait(5)\n    \n        start_browser.find_element(By.CSS_SELECTOR, \"input[type='email']\").send_keys(\"thavamani.ravindran@gmail.com\")\n        start_browser.find_element(By.CSS_SELECTOR, \"input[type='password']\").send_keys(\"Profession@four4\")\n>       start_browser.find_element(By.XPATH,\"//button[contains(@class,'tertiary-btn')]\").click()\n        ^^^^^^^^^^^^^^^^^^^^^^^^^^^^^^^^^^^^^^^^^^^^^^^^^^^^^^^^^^^^^^^^^^^^^^^^^^^^^^^^\n\nTask 11\\Tests\\test_Guvi_LoginPage.py:31: \n_ _ _ _ _ _ _ _ _ _ _ _ _ _ _ _ _ _ _ _ _ _ _ _ _ _ _ _ _ _ _ _ _ _ _ _ _ _ _ _\n.venv\\Lib\\site-packages\\selenium\\webdriver\\remote\\webdriver.py:802: in find_element\n    return self.execute(Command.FIND_ELEMENT, {\"using\": by, \"value\": value})[\"value\"]\n           ^^^^^^^^^^^^^^^^^^^^^^^^^^^^^^^^^^^^^^^^^^^^^^^^^^^^^^^^^^^^^^^^^\n.venv\\Lib\\site-packages\\selenium\\webdriver\\remote\\webdriver.py:432: in execute\n    self.error_handler.check_response(response)\n_ _ _ _ _ _ _ _ _ _ _ _ _ _ _ _ _ _ _ _ _ _ _ _ _ _ _ _ _ _ _ _ _ _ _ _ _ _ _ _\n\nself = <selenium.webdriver.remote.errorhandler.ErrorHandler object at 0x000002226BA5B8F0>\nresponse = {'status': 404, 'value': '{\"value\":{\"error\":\"no such element\",\"message\":\"no such element: Unable to locate element: {\\...ff65be1ed3c\\\\n\\\\t0x7ff65be01fb4\\\\n\\\\t0x7ff65be02165\\\\n\\\\t0x7ff65bde7e92\\\\n\\\\t0x7ff84896257d\\\\n\\\\t0x7ff8499caf08\\\\n\"}}'}\n\n    def check_response(self, response: dict[str, Any]) -> None:\n        \"\"\"Check that a JSON response from the WebDriver does not have an error.\n    \n        Args:\n            response: The JSON response from the WebDriver server as a dictionary\n                object.\n    \n        Raises:\n            WebDriverException: If the response contains an error message.\n        \"\"\"\n        status = response.get(\"status\", None)\n        if not status or status == ErrorCode.SUCCESS:\n            return\n        value = None\n        message = response.get(\"message\", \"\")\n        screen: str = response.get(\"screen\", \"\")\n        stacktrace = None\n        if isinstance(status, int):\n            value_json = response.get(\"value\", None)\n            if value_json and isinstance(value_json, str):\n                try:\n                    value = json.loads(value_json)\n                    if isinstance(value, dict):\n                        if len(value) == 1:\n                            value = value[\"value\"]\n                        status = value.get(\"error\", None)\n                        if not status:\n                            status = value.get(\"status\", ErrorCode.UNKNOWN_ERROR)\n                            message = value.get(\"value\") or value.get(\"message\")\n                            if not isinstance(message, str):\n                                value = message\n                                message = message.get(\"message\") if isinstance(message, dict) else None\n                        else:\n                            message = value.get(\"message\", None)\n                except ValueError:\n                    pass\n    \n        exception_class: type[WebDriverException]\n        e = ErrorCode()\n        error_codes = [item for item in dir(e) if not item.startswith(\"__\")]\n        for error_code in error_codes:\n            error_info = getattr(ErrorCode, error_code)\n            if isinstance(error_info, list) and status in error_info:\n                exception_class = getattr(ExceptionMapping, error_code, WebDriverException)\n                break\n        else:\n            exception_class = WebDriverException\n    \n        if not value:\n            value = response[\"value\"]\n        if isinstance(value, str):\n            raise exception_class(value)\n        if message == \"\" and \"message\" in value:\n            message = value[\"message\"]\n    \n        screen = None  # type: ignore[assignment]\n        if \"screen\" in value:\n            screen = value[\"screen\"]\n    \n        stacktrace = None\n        st_value = value.get(\"stackTrace\") or value.get(\"stacktrace\")\n        if st_value:\n            if isinstance(st_value, str):\n                stacktrace = st_value.split(\"\\n\")\n            else:\n                stacktrace = []\n                try:\n                    for frame in st_value:\n                        line = frame.get(\"lineNumber\", \"\")\n                        file = frame.get(\"fileName\", \"<anonymous>\")\n                        if line:\n                            file = f\"{file}:{line}\"\n                        meth = frame.get(\"methodName\", \"<anonymous>\")\n                        if \"className\" in frame:\n                            meth = f\"{frame['className']}.{meth}\"\n                        msg = \"    at %s (%s)\"\n                        msg = msg % (meth, file)\n                        stacktrace.append(msg)\n                except TypeError:\n                    pass\n        if exception_class == UnexpectedAlertPresentException:\n            alert_text = None\n            if \"data\" in value:\n                alert_text = value[\"data\"].get(\"text\")\n            elif \"alert\" in value:\n                alert_text = value[\"alert\"].get(\"text\")\n            raise exception_class(message, screen, stacktrace, alert_text)  # type: ignore[call-arg]  # mypy is not smart enough here\n>       raise exception_class(message, screen, stacktrace)\nE       selenium.common.exceptions.NoSuchElementException: Message: no such element: Unable to locate element: {\"method\":\"xpath\",\"selector\":\"//button[contains(@class,'tertiary-btn')]\"}\nE         (Session info: chrome=143.0.7499.110); For documentation on this error, please visit: https://www.selenium.dev/documentation/webdriver/troubleshooting/errors#nosuchelementexception\nE       Stacktrace:\nE       Symbols not available. Dumping unresolved backtrace:\nE       \t0x7ff65bdf8895\nE       \t0x7ff65bdf88f0\nE       \t0x7ff65bbd165d\nE       \t0x7ff65bc29a33\nE       \t0x7ff65bc29d3c\nE       \t0x7ff65bc7df67\nE       \t0x7ff65bc7ac97\nE       \t0x7ff65bc1ac29\nE       \t0x7ff65bc1ba93\nE       \t0x7ff65c1105f0\nE       \t0x7ff65c10af30\nE       \t0x7ff65c129696\nE       \t0x7ff65be15d94\nE       \t0x7ff65be1ed3c\nE       \t0x7ff65be01fb4\nE       \t0x7ff65be02165\nE       \t0x7ff65bde7e92\nE       \t0x7ff84896257d\nE       \t0x7ff8499caf08\n\n.venv\\Lib\\site-packages\\selenium\\webdriver\\remote\\errorhandler.py:232: NoSuchElementException",
          "functional_specifications": [],
          "categories": []
        }
      ]
    }
  ],
  "test_environment": "Development",
  "timestamp": "18 Dec 2025, 18:03",
  "img_url": "https://icon.icepanel.io/Technology/svg/pytest.svg",
  "test_status": "complete",
  "report_title": "pytest HTML Report",
  "category_count": {},
  "all_categories": []
}