{
  "specs": {},
  "functional_spec_count": {},
  "testsuites": [
    {
      "cases": [
        {
          "classname": "Task 11.Tests.test_Guvi_LoginPage",
          "name": "test_invalid_login_url_negative",
          "developer": "-",
          "test_description": "",
          "status": "Failed",
          "logs": "<ul style='list-style-type: none; padding: 0;'></ul>",
          "details": "Message: AssertionError: assert 'https://www.guvi.in/sign-in/' not in 'https://www.guvi.in/sign-in/?sourceUri=http%3A%2F%2Fwww.guvi.in%2F'\n  \n  'https://www.guvi.in/sign-in/' is contained here:\n    https://www.guvi.in/sign-in/?sourceUri=http%3A%2F%2Fwww.guvi.in%2F\nDetails: start_browser = <selenium.webdriver.chrome.webdriver.WebDriver (session=\"30f1357cd490a4817c34e7124aa08f07\")>\n\n    def test_invalid_login_url_negative(start_browser):\n                start_browser.get(\"https://www.guvi.in/\")\n                start_browser.implicitly_wait(5)\n                start_browser.find_element(By.XPATH, \"//button[contains(@class,'tertiary-btn')]\").click()\n                print(\"Current URL of the Webpage : \", start_browser.current_url)\n>               assert \"https://www.guvi.in/sign-in/\" not in start_browser.current_url\nE               AssertionError: assert 'https://www.guvi.in/sign-in/' not in 'https://www.guvi.in/sign-in/?sourceUri=http%3A%2F%2Fwww.guvi.in%2F'\nE                 \nE                 'https://www.guvi.in/sign-in/' is contained here:\nE                   https://www.guvi.in/sign-in/?sourceUri=http%3A%2F%2Fwww.guvi.in%2F\n\nTask 11\\Tests\\test_Guvi_LoginPage.py:50: AssertionError",
          "functional_specifications": [],
          "categories": []
        }
      ]
    }
  ],
  "test_environment": "Development",
  "timestamp": "19 Dec 2025, 19:56",
  "img_url": "https://icon.icepanel.io/Technology/svg/pytest.svg",
  "test_status": "complete",
  "report_title": "pytest HTML Report",
  "category_count": {},
  "all_categories": []
}